0 info it worked if it ends with ok
1 verbose cli [ 'C:\\Program Files\\nodejs\\node.exe',
1 verbose cli   'C:\\Users\\chris\\AppData\\Roaming\\npm\\node_modules\\npm\\bin\\npm-cli.js',
1 verbose cli   'install',
1 verbose cli   '@types/crypto',
1 verbose cli   '--save-dev' ]
2 info using npm@3.10.9
3 info using node@v7.7.3
4 silly loadCurrentTree Starting
5 silly install loadCurrentTree
6 silly install readLocalPackageData
7 silly fetchPackageMetaData @types/crypto
8 silly fetchNamedPackageData @types/crypto
9 silly mapToRegistry name @types/crypto
10 silly mapToRegistry scope (from package name) @types
11 verbose mapToRegistry no registry URL found in name for scope @types
12 silly mapToRegistry using default registry
13 silly mapToRegistry registry https://registry.npmjs.org/
14 silly mapToRegistry data Result {
14 silly mapToRegistry   raw: '@types/crypto',
14 silly mapToRegistry   scope: '@types',
14 silly mapToRegistry   escapedName: '@types%2fcrypto',
14 silly mapToRegistry   name: '@types/crypto',
14 silly mapToRegistry   rawSpec: '',
14 silly mapToRegistry   spec: 'latest',
14 silly mapToRegistry   type: 'tag' }
15 silly mapToRegistry uri https://registry.npmjs.org/@types%2fcrypto
16 verbose request uri https://registry.npmjs.org/@types%2fcrypto
17 verbose request no auth needed
18 info attempt registry request try #1 at 11:29:53 PM
19 verbose request id 09c14932bf61a420
20 http request GET https://registry.npmjs.org/@types%2fcrypto
21 http 404 https://registry.npmjs.org/@types%2fcrypto
22 verbose headers { 'content-type': 'application/json',
22 verbose headers   'cache-control': 'max-age=0',
22 verbose headers   'content-length': '2',
22 verbose headers   'accept-ranges': 'bytes',
22 verbose headers   date: 'Fri, 24 Mar 2017 03:29:53 GMT',
22 verbose headers   via: '1.1 varnish',
22 verbose headers   age: '0',
22 verbose headers   connection: 'keep-alive',
22 verbose headers   'x-served-by': 'cache-ord1739-ORD',
22 verbose headers   'x-cache': 'MISS',
22 verbose headers   'x-cache-hits': '0',
22 verbose headers   'x-timer': 'S1490326193.260232,VS0,VE138',
22 verbose headers   vary: 'Accept-Encoding' }
23 silly get cb [ 404,
23 silly get   { 'content-type': 'application/json',
23 silly get     'cache-control': 'max-age=0',
23 silly get     'content-length': '2',
23 silly get     'accept-ranges': 'bytes',
23 silly get     date: 'Fri, 24 Mar 2017 03:29:53 GMT',
23 silly get     via: '1.1 varnish',
23 silly get     age: '0',
23 silly get     connection: 'keep-alive',
23 silly get     'x-served-by': 'cache-ord1739-ORD',
23 silly get     'x-cache': 'MISS',
23 silly get     'x-cache-hits': '0',
23 silly get     'x-timer': 'S1490326193.260232,VS0,VE138',
23 silly get     vary: 'Accept-Encoding' } ]
24 silly fetchPackageMetaData Error: Registry returned 404 for GET on https://registry.npmjs.org/@types%2fcrypto
24 silly fetchPackageMetaData     at makeError (C:\Users\chris\AppData\Roaming\npm\node_modules\npm\node_modules\npm-registry-client\lib\request.js:302:12)
24 silly fetchPackageMetaData     at CachingRegistryClient.<anonymous> (C:\Users\chris\AppData\Roaming\npm\node_modules\npm\node_modules\npm-registry-client\lib\request.js:280:14)
24 silly fetchPackageMetaData     at Request._callback (C:\Users\chris\AppData\Roaming\npm\node_modules\npm\node_modules\npm-registry-client\lib\request.js:210:14)
24 silly fetchPackageMetaData     at Request.self.callback (C:\Users\chris\AppData\Roaming\npm\node_modules\npm\node_modules\request\request.js:187:22)
24 silly fetchPackageMetaData     at emitTwo (events.js:106:13)
24 silly fetchPackageMetaData     at Request.emit (events.js:194:7)
24 silly fetchPackageMetaData     at Request.<anonymous> (C:\Users\chris\AppData\Roaming\npm\node_modules\npm\node_modules\request\request.js:1048:10)
24 silly fetchPackageMetaData     at emitOne (events.js:96:13)
24 silly fetchPackageMetaData     at Request.emit (events.js:191:7)
24 silly fetchPackageMetaData     at IncomingMessage.<anonymous> (C:\Users\chris\AppData\Roaming\npm\node_modules\npm\node_modules\request\request.js:969:12)
24 silly fetchPackageMetaData  error for @types/crypto { Error: Registry returned 404 for GET on https://registry.npmjs.org/@types%2fcrypto
24 silly fetchPackageMetaData     at makeError (C:\Users\chris\AppData\Roaming\npm\node_modules\npm\node_modules\npm-registry-client\lib\request.js:302:12)
24 silly fetchPackageMetaData     at CachingRegistryClient.<anonymous> (C:\Users\chris\AppData\Roaming\npm\node_modules\npm\node_modules\npm-registry-client\lib\request.js:280:14)
24 silly fetchPackageMetaData     at Request._callback (C:\Users\chris\AppData\Roaming\npm\node_modules\npm\node_modules\npm-registry-client\lib\request.js:210:14)
24 silly fetchPackageMetaData     at Request.self.callback (C:\Users\chris\AppData\Roaming\npm\node_modules\npm\node_modules\request\request.js:187:22)
24 silly fetchPackageMetaData     at emitTwo (events.js:106:13)
24 silly fetchPackageMetaData     at Request.emit (events.js:194:7)
24 silly fetchPackageMetaData     at Request.<anonymous> (C:\Users\chris\AppData\Roaming\npm\node_modules\npm\node_modules\request\request.js:1048:10)
24 silly fetchPackageMetaData     at emitOne (events.js:96:13)
24 silly fetchPackageMetaData     at Request.emit (events.js:191:7)
24 silly fetchPackageMetaData     at IncomingMessage.<anonymous> (C:\Users\chris\AppData\Roaming\npm\node_modules\npm\node_modules\request\request.js:969:12) pkgid: '@types/crypto', statusCode: 404, code: 'E404' }
25 silly rollbackFailedOptional Starting
26 silly rollbackFailedOptional Finishing
27 silly runTopLevelLifecycles Finishing
28 silly install printInstalled
29 verbose stack Error: Registry returned 404 for GET on https://registry.npmjs.org/@types%2fcrypto
29 verbose stack     at makeError (C:\Users\chris\AppData\Roaming\npm\node_modules\npm\node_modules\npm-registry-client\lib\request.js:302:12)
29 verbose stack     at CachingRegistryClient.<anonymous> (C:\Users\chris\AppData\Roaming\npm\node_modules\npm\node_modules\npm-registry-client\lib\request.js:280:14)
29 verbose stack     at Request._callback (C:\Users\chris\AppData\Roaming\npm\node_modules\npm\node_modules\npm-registry-client\lib\request.js:210:14)
29 verbose stack     at Request.self.callback (C:\Users\chris\AppData\Roaming\npm\node_modules\npm\node_modules\request\request.js:187:22)
29 verbose stack     at emitTwo (events.js:106:13)
29 verbose stack     at Request.emit (events.js:194:7)
29 verbose stack     at Request.<anonymous> (C:\Users\chris\AppData\Roaming\npm\node_modules\npm\node_modules\request\request.js:1048:10)
29 verbose stack     at emitOne (events.js:96:13)
29 verbose stack     at Request.emit (events.js:191:7)
29 verbose stack     at IncomingMessage.<anonymous> (C:\Users\chris\AppData\Roaming\npm\node_modules\npm\node_modules\request\request.js:969:12)
30 verbose statusCode 404
31 verbose pkgid @types/crypto
32 verbose cwd C:\Users\chris\Documents\web projects\mkaunts
33 error Windows_NT 10.0.14393
34 error argv "C:\\Program Files\\nodejs\\node.exe" "C:\\Users\\chris\\AppData\\Roaming\\npm\\node_modules\\npm\\bin\\npm-cli.js" "install" "@types/crypto" "--save-dev"
35 error node v7.7.3
36 error npm  v3.10.9
37 error code E404
38 error 404 Registry returned 404 for GET on https://registry.npmjs.org/@types%2fcrypto
39 error 404
40 error 404 '@types/crypto' is not in the npm registry.
41 error 404 You should bug the author to publish it (or use the name yourself!)
42 error 404 Note that you can also install from a
43 error 404 tarball, folder, http url, or git url.
44 verbose exit [ 1, true ]
